============================================================
  HubFX Audio Mixer Test Suite
  (AUDIO_MOCK_I2S mode)
============================================================
python : Traceback (most recent call last):
At line:1 char:1
+ python "e:\data\OneDrive\CAD\CODE\scalefx\controllers\hubfx\pico\test ...
+ ~~~~~~~~~~~~~~~~~~~~~~~~~~~~~~~~~~~~~~~~~~~~~~~~~~~~~~~~~~~~~~~~~~~~~
    + CategoryInfo          : NotSpecified: (Traceback (most recent call last)::String) [], RemoteException
    + FullyQualifiedErrorId : NativeCommandError
 
  File "e:\data\OneDrive\CAD\CODE\scalefx\controllers\hubfx\pico\tests\test_audio_mixer.py", line 55, in connect
    self.ser = serial.Serial(self.port, BAUD_RATE, timeout=TIMEOUT)
               ~~~~~~~~~~~~~^^^^^^^^^^^^^^^^^^^^^^^^^^^^^^^^^^^^^^^
  File "C:\Users\marci\AppData\Local\Packages\PythonSoftwareFoundation.Python.3.13_qbz5n2kfra8p0\LocalCache\local-packages\Python313\site-packages\serial\serialwin32.py", line 33, in 
__init__
    super(Serial, self).__init__(*args, **kwargs)
    ~~~~~~~~~~~~~~~~~~~~~~~~~~~~^^^^^^^^^^^^^^^^^
  File "C:\Users\marci\AppData\Local\Packages\PythonSoftwareFoundation.Python.3.13_qbz5n2kfra8p0\LocalCache\local-packages\Python313\site-packages\serial\serialutil.py", line 244, in 
__init__
    self.open()
    ~~~~~~~~~^^
  File "C:\Users\marci\AppData\Local\Packages\PythonSoftwareFoundation.Python.3.13_qbz5n2kfra8p0\LocalCache\local-packages\Python313\site-packages\serial\serialwin32.py", line 64, in 
open
    raise SerialException("could not open port {!r}: {!r}".format(self.portstr, ctypes.WinError()))
serial.serialutil.SerialException: could not open port 'COM10': PermissionError(13, 'Access is denied.', None, 5)

During handling of the above exception, another exception occurred:

Traceback (most recent call last):
  File "e:\data\OneDrive\CAD\CODE\scalefx\controllers\hubfx\pico\tests\test_audio_mixer.py", line 491, in <module>
    main()
    ~~~~^^
  File "e:\data\OneDrive\CAD\CODE\scalefx\controllers\hubfx\pico\tests\test_audio_mixer.py", line 485, in main
    success = tester.run_all_tests()
  File "e:\data\OneDrive\CAD\CODE\scalefx\controllers\hubfx\pico\tests\test_audio_mixer.py", line 430, in run_all_tests
    if not self.connect():
           ~~~~~~~~~~~~^^
  File "e:\data\OneDrive\CAD\CODE\scalefx\controllers\hubfx\pico\tests\test_audio_mixer.py", line 61, in connect
    print(f"\u2717 Failed to connect: {e}")
    ~~~~~^^^^^^^^^^^^^^^^^^^^^^^^^^^^^
  File "C:\Program Files\WindowsApps\PythonSoftwareFoundation.Python.3.13_3.13.2544.0_x64__qbz5n2kfra8p0\Lib\encodings\cp1252.py", line 19, in encode
    return codecs.charmap_encode(input,self.errors,encoding_table)[0]
           ~~~~~~~~~~~~~~~~~~~~~^^^^^^^^^^^^^^^^^^^^^^^^^^^^^^^^^^
UnicodeEncodeError: 'charmap' codec can't encode character '\u2717' in position 0: character maps to <undefined>
